<?xml version="1.0" encoding="UTF-8"?>
<robot generator="Robot 3.2.1 (Python 3.7.5 on win32)" generated="20200725 17:13:01.098" rpa="false">
<suite id="s1" name="Workspace RobotFrameWork-Selenium" source="D:\Workspace RobotFrameWork-Selenium">
<suite id="s1-s1" name="OrangeHRM" source="D:\Workspace RobotFrameWork-Selenium\OrangeHRM">
<suite id="s1-s1-s1" name="LoginLogout" source="D:\Workspace RobotFrameWork-Selenium\OrangeHRM\LoginLogout.robot">
<test id="s1-s1-s1-t1" name="LoginLogoutTest">
<kw name="Open Browser" library="SeleniumLibrary">
<doc>Opens a new browser instance to the optional ``url``.</doc>
<arguments>
<arg>${url}</arg>
<arg>${typeBroser}</arg>
</arguments>
<msg timestamp="20200725 17:13:01.400" level="INFO">Opening browser 'chrome' to base url 'https://opensource-demo.orangehrmlive.com/index.php/auth/login'.</msg>
<status status="PASS" starttime="20200725 17:13:01.399" endtime="20200725 17:13:12.807"></status>
</kw>
<kw name="Maximize Browser Window" library="SeleniumLibrary">
<doc>Maximizes current browser window.</doc>
<status status="PASS" starttime="20200725 17:13:12.808" endtime="20200725 17:13:13.927"></status>
</kw>
<kw name="Set Browser Implicit Wait" library="SeleniumLibrary">
<doc>Sets the implicit wait value used by Selenium.</doc>
<arguments>
<arg>5</arg>
</arguments>
<status status="PASS" starttime="20200725 17:13:13.928" endtime="20200725 17:13:13.933"></status>
</kw>
<kw name="Input Text" library="SeleniumLibrary">
<doc>Types the given ``text`` into the text field identified by ``locator``.</doc>
<arguments>
<arg>id=txtUsername</arg>
<arg>${dataLogin}[username]</arg>
</arguments>
<msg timestamp="20200725 17:13:13.935" level="INFO">Typing text 'Admin' into text field 'id=txtUsername'.</msg>
<status status="PASS" starttime="20200725 17:13:13.934" endtime="20200725 17:13:14.075"></status>
</kw>
<kw name="Input Password" library="SeleniumLibrary">
<doc>Types the given password into the text field identified by ``locator``.</doc>
<arguments>
<arg>id=txtPassword</arg>
<arg>${dataLogin}[password]</arg>
</arguments>
<msg timestamp="20200725 17:13:14.076" level="INFO">Typing password into text field 'id=txtPassword'.</msg>
<msg timestamp="20200725 17:13:14.124" level="INFO">Temporally setting log level to: NONE</msg>
<msg timestamp="20200725 17:13:14.184" level="INFO">Log level changed from NONE to INFO.</msg>
<status status="PASS" starttime="20200725 17:13:14.075" endtime="20200725 17:13:14.185"></status>
</kw>
<kw name="Click Button" library="SeleniumLibrary">
<doc>Clicks the button identified by ``locator``.</doc>
<arguments>
<arg>id=btnLogin</arg>
</arguments>
<msg timestamp="20200725 17:13:14.186" level="INFO">Clicking button 'id=btnLogin'.</msg>
<status status="PASS" starttime="20200725 17:13:14.185" endtime="20200725 17:13:19.121"></status>
</kw>
<kw name="Click Element" library="SeleniumLibrary">
<doc>Click the element identified by ``locator``.</doc>
<arguments>
<arg>id=welcome</arg>
</arguments>
<msg timestamp="20200725 17:13:19.122" level="INFO">Clicking element 'id=welcome'.</msg>
<status status="PASS" starttime="20200725 17:13:19.121" endtime="20200725 17:13:19.217"></status>
</kw>
<kw name="Set Browser Implicit Wait" library="SeleniumLibrary">
<doc>Sets the implicit wait value used by Selenium.</doc>
<arguments>
<arg>5</arg>
</arguments>
<status status="PASS" starttime="20200725 17:13:19.218" endtime="20200725 17:13:19.220"></status>
</kw>
<kw name="Click Element" library="SeleniumLibrary">
<doc>Click the element identified by ``locator``.</doc>
<arguments>
<arg>link=Logout</arg>
</arguments>
<msg timestamp="20200725 17:13:19.221" level="INFO">Clicking element 'link=Logout'.</msg>
<status status="PASS" starttime="20200725 17:13:19.220" endtime="20200725 17:13:19.954"></status>
</kw>
<kw name="Log" library="BuiltIn">
<doc>Logs the given message with the given level.</doc>
<arguments>
<arg>fin de test</arg>
</arguments>
<msg timestamp="20200725 17:13:19.955" level="INFO">fin de test</msg>
<status status="PASS" starttime="20200725 17:13:19.955" endtime="20200725 17:13:19.955"></status>
</kw>
<doc>ceci est un test de login/logout</doc>
<status status="PASS" starttime="20200725 17:13:01.398" endtime="20200725 17:13:19.956" critical="yes"></status>
</test>
<status status="PASS" starttime="20200725 17:13:01.193" endtime="20200725 17:13:19.960"></status>
</suite>
<status status="PASS" starttime="20200725 17:13:01.189" endtime="20200725 17:13:19.968"></status>
</suite>
<status status="PASS" starttime="20200725 17:13:01.149" endtime="20200725 17:13:19.973"></status>
</suite>
<statistics>
<total>
<stat pass="1" fail="0">Critical Tests</stat>
<stat pass="1" fail="0">All Tests</stat>
</total>
<tag>
</tag>
<suite>
<stat pass="1" fail="0" id="s1" name="Workspace RobotFrameWork-Selenium">Workspace RobotFrameWork-Selenium</stat>
<stat pass="1" fail="0" id="s1-s1" name="OrangeHRM">Workspace RobotFrameWork-Selenium.OrangeHRM</stat>
<stat pass="1" fail="0" id="s1-s1-s1" name="LoginLogout">Workspace RobotFrameWork-Selenium.OrangeHRM.LoginLogout</stat>
</suite>
</statistics>
<errors>
</errors>
</robot>
